-------------------------------------------------------------------------------
Test set: com.anonymousanacondas.farmercalculator.service.CornculatorServiceTest
-------------------------------------------------------------------------------
Tests run: 1, Failures: 0, Errors: 1, Skipped: 0, Time elapsed: 0.001 s <<< FAILURE! - in com.anonymousanacondas.farmercalculator.service.CornculatorServiceTest
whenIHaveTenBagsOfCorn_thenPriceIsTwoPoundsAndFiftyPence  Time elapsed: 0 s  <<< ERROR!
java.lang.Error: 
Unresolved compilation problems: 
	bagsOfCorn cannot be resolved to a variable
	twoFifty cannot be resolved to a variable

	at com.anonymousanacondas.farmercalculator.service.CornculatorServiceTest.whenIHaveTenBagsOfCorn_thenPriceIsTwoPoundsAndFiftyPence(CornculatorServiceTest.java:30)

